[debug] [2022-05-08T01:27:54.114Z] ----------------------------------------------------------------------
[debug] [2022-05-08T01:27:54.118Z] Command:       C:\Program Files\nodejs\node.exe C:\Users\Noman\AppData\Roaming\npm\node_modules\firebase-tools\lib\bin\firebase.js init
[debug] [2022-05-08T01:27:54.118Z] CLI Version:   10.6.0
[debug] [2022-05-08T01:27:54.119Z] Platform:      win32
[debug] [2022-05-08T01:27:54.119Z] Node Version:  v16.13.1
[debug] [2022-05-08T01:27:54.129Z] Time:          Sun May 08 2022 07:27:54 GMT+0600 (Bangladesh Standard Time)
[debug] [2022-05-08T01:27:54.130Z] ----------------------------------------------------------------------
[debug] 
[debug] [2022-05-08T01:27:54.135Z] >>> [apiv2][query] GET https://firebase-public.firebaseio.com/cli.json [none]
[debug] [2022-05-08T01:27:54.173Z] > command requires scopes: ["email","openid","https://www.googleapis.com/auth/cloudplatformprojects.readonly","https://www.googleapis.com/auth/firebase","https://www.googleapis.com/auth/cloud-platform"]
[debug] [2022-05-08T01:27:54.173Z] > authorizing via signed-in user (devnoman01@gmail.com)
[info] 
     ######## #### ########  ######## ########     ###     ######  ########
     ##        ##  ##     ## ##       ##     ##  ##   ##  ##       ##
     ######    ##  ########  ######   ########  #########  ######  ######
     ##        ##  ##    ##  ##       ##     ## ##     ##       ## ##
     ##       #### ##     ## ######## ########  ##     ##  ######  ########

You're about to initialize a Firebase project in this directory:

  C:\Web\Projects\automobile-inventory\automobile-inventory-client

Before we get started, keep in mind:

  * You are currently outside your home directory

[debug] [2022-05-08T01:27:55.797Z] <<< [apiv2][status] GET https://firebase-public.firebaseio.com/cli.json 200
[debug] [2022-05-08T01:27:55.797Z] <<< [apiv2][body] GET https://firebase-public.firebaseio.com/cli.json {"cloudBuildErrorAfter":1594252800000,"cloudBuildWarnAfter":1590019200000,"defaultNode10After":1594252800000,"minVersion":"3.0.5","node8DeploysDisabledAfter":1613390400000,"node8RuntimeDisabledAfter":1615809600000,"node8WarnAfter":1600128000000}
